Oct 02 10:40 : exception: Failed to open '/home/ajun/.config/mpd/mpdstate': No such file or directory
Oct 02 10:40 : exception: Failed to access /home/ajun/Music: No such file or directory
Oct 02 10:42 : update: added /Five - Hideyuki Fukasawa.flac
Oct 02 10:46 : player: played "Five - Hideyuki Fukasawa.flac"
Oct 02 11:08 : player: played "Five - Hideyuki Fukasawa.flac"
Oct 02 11:11 : player: played "Five - Hideyuki Fukasawa.flac"
Oct 02 11:11 : player: played "Five - Hideyuki Fukasawa.flac"
Oct 02 11:15 : player: played "Five - Hideyuki Fukasawa.flac"
Oct 02 11:19 : player: played "Five - Hideyuki Fukasawa.flac"
Oct 02 11:23 : player: played "Five - Hideyuki Fukasawa.flac"
Oct 02 11:27 : player: played "Five - Hideyuki Fukasawa.flac"
Oct 02 11:31 : player: played "Five - Hideyuki Fukasawa.flac"
Oct 02 11:35 : player: played "Five - Hideyuki Fukasawa.flac"
Oct 02 11:47 : player: played "Five - Hideyuki Fukasawa.flac"
Oct 02 12:03 : exception: Failed to access /home/ajun/Musics: No such file or directory
Oct 02 12:03 : exception: Failed to open /home/ajun/Musics/: No such file or directory
Oct 02 12:04 : exception: Failed to access /home/ajun/Musics: No such file or directory
Oct 02 12:04 : exception: Failed to access /home/ajun/Musics: No such file or directory
Oct 02 12:04 : exception: Failed to access /home/ajun/Musics: No such file or directory
Oct 02 12:04 : exception: Failed to access /home/ajun/Musics: No such file or directory
Oct 02 12:04 : exception: Failed to access /home/ajun/Musics: No such file or directory
Oct 02 12:04 : exception: Failed to access /home/ajun/Musics: No such file or directory
Oct 02 12:04 : exception: Failed to access /home/ajun/Musics: No such file or directory
Oct 02 12:04 : exception: Failed to access /home/ajun/Musics: No such file or directory
Oct 02 12:05 : exception: Failed to access /home/ajun/Musics: No such file or directory
Oct 02 12:05 : exception: Failed to access /home/ajun/Musics: No such file or directory
Oct 02 12:05 : exception: Failed to access /home/ajun/Musics: No such file or directory
Oct 02 12:05 : exception: Failed to access /home/ajun/Musics: No such file or directory
Oct 02 12:05 : exception: Failed to open /home/ajun/Musics/: No such file or directory
Oct 02 12:05 : player: played "Five - Hideyuki Fukasawa.flac"
Oct 02 12:05 : update: added /アイドル - YOASOBI.flac
Oct 02 12:05 : update: added /Aozaki Aoko - Hideyuki Fukasawa.flac
Oct 02 12:05 : update: added /01. Kokoroe.flac
Oct 02 12:05 : update: added /01. Saikai (produced by Ayase).flac
Oct 02 12:05 : update: added /07. Serenade.flac
Oct 02 12:05 : update: added /Main Theme of Witch On The Holy Night - Hideyuki Fukasawa.flac
Oct 02 12:06 : alsa_output: Decoder is too slow; playing silence to avoid xrun
Oct 02 12:06 : player: played "アイドル - YOASOBI.flac"
Oct 02 12:06 : alsa_output: Decoder is too slow; playing silence to avoid xrun
Oct 02 12:08 : alsa_output: Decoder is too slow; playing silence to avoid xrun
Oct 02 12:08 : alsa_output: Decoder is too slow; playing silence to avoid xrun
Oct 02 12:09 : alsa_output: Decoder is too slow; playing silence to avoid xrun
Oct 02 12:12 : player: played "07. Serenade.flac"
Oct 02 12:13 : player: played "01. Kokoroe.flac"
Oct 02 12:13 : alsa_output: Decoder is too slow; playing silence to avoid xrun
Oct 02 12:21 : player: played "アイドル - YOASOBI.flac"
Oct 02 12:26 : player: played "07. Serenade.flac"
Oct 02 12:30 : player: played "01. Kokoroe.flac"
Oct 02 12:34 : player: played "01. Saikai (produced by Ayase).flac"
Oct 02 12:39 : player: played "Aozaki Aoko - Hideyuki Fukasawa.flac"
Oct 02 12:43 : player: played "Five - Hideyuki Fukasawa.flac"
Oct 02 14:28 : player: played "Main Theme of Witch On The Holy Night - Hideyuki Fukasawa.flac"
Oct 04 10:36 : player: played "Five - Hideyuki Fukasawa.flac"
Oct 04 10:39 : alsa_output: Decoder is too slow; playing silence to avoid xrun
Oct 04 10:44 : player: played "07. Serenade.flac"
Oct 04 10:48 : player: played "01. Kokoroe.flac"
Oct 04 11:37 : alsa_output: Decoder is too slow; playing silence to avoid xrun
Oct 04 11:41 : player: played "01. Kokoroe.flac"
Oct 04 11:41 : alsa_output: Decoder is too slow; playing silence to avoid xrun
Oct 04 11:45 : player: played "01. Saikai (produced by Ayase).flac"
Oct 04 16:48 : player: played "Aozaki Aoko - Hideyuki Fukasawa.flac"
Oct 07 10:34 : player: played "Five - Hideyuki Fukasawa.flac"
Oct 07 10:39 : player: played "Main Theme of Witch On The Holy Night - Hideyuki Fukasawa.flac"
Oct 07 10:43 : player: played "アイドル - YOASOBI.flac"
Oct 08 02:42 : player: played "Five - Hideyuki Fukasawa.flac"
Oct 08 02:47 : player: played "Main Theme of Witch On The Holy Night - Hideyuki Fukasawa.flac"
Oct 08 02:49 : alsa_output: Decoder is too slow; playing silence to avoid xrun
Oct 08 02:51 : player: played "アイドル - YOASOBI.flac"
Oct 08 02:56 : player: played "07. Serenade.flac"
Oct 08 02:59 : player: played "01. Kokoroe.flac"
Oct 08 03:03 : player: played "01. Saikai (produced by Ayase).flac"
Oct 08 03:09 : player: played "Aozaki Aoko - Hideyuki Fukasawa.flac"
Oct 08 03:13 : player: played "Five - Hideyuki Fukasawa.flac"
Oct 08 03:18 : player: played "Main Theme of Witch On The Holy Night - Hideyuki Fukasawa.flac"
Oct 08 03:21 : player: played "アイドル - YOASOBI.flac"
Oct 08 03:26 : player: played "07. Serenade.flac"
Oct 08 03:30 : player: played "01. Kokoroe.flac"
Oct 08 03:33 : player: played "01. Saikai (produced by Ayase).flac"
Oct 08 12:19 : player: played "Five - Hideyuki Fukasawa.flac"
Oct 11 13:51 : update: added /勇者 - YOASOBI.flac
Oct 11 13:51 : alsa_output: Decoder is too slow; playing silence to avoid xrun
Oct 11 13:52 : alsa_output: Decoder is too slow; playing silence to avoid xrun
Oct 11 13:55 : player: played "勇者 - YOASOBI.flac"
Oct 11 13:56 : alsa_output: Decoder is too slow; playing silence to avoid xrun
Oct 11 14:00 : player: played "勇者 - YOASOBI.flac"
Oct 11 14:20 : alsa_output: Decoder is too slow; playing silence to avoid xrun
Oct 11 14:23 : player: played "勇者 - YOASOBI.flac"
Oct 12 03:32 : player: played "Five - Hideyuki Fukasawa.flac"
Oct 12 11:08 : alsa_output: Decoder is too slow; playing silence to avoid xrun
Oct 12 11:11 : player: played "勇者 - YOASOBI.flac"
Oct 12 11:13 : alsa_output: Decoder is too slow; playing silence to avoid xrun
Oct 12 11:13 : player: played "勇者 - YOASOBI.flac"
Oct 12 11:14 : exception: Bad playlist name
Oct 12 11:14 : alsa_output: Decoder is too slow; playing silence to avoid xrun
Oct 12 11:17 : player: played "勇者 - YOASOBI.flac"
Oct 12 11:18 : player: played "Five - Hideyuki Fukasawa.flac"
Oct 12 11:51 : alsa_output: Decoder is too slow; playing silence to avoid xrun
Oct 12 11:54 : player: played "勇者 - YOASOBI.flac"
Oct 12 11:55 : alsa_output: Decoder is too slow; playing silence to avoid xrun
Oct 12 11:58 : alsa_output: Decoder is too slow; playing silence to avoid xrun
Oct 12 11:58 : alsa_output: Decoder is too slow; playing silence to avoid xrun
Oct 12 11:58 : alsa_output: Decoder is too slow; playing silence to avoid xrun
Oct 12 11:59 : alsa_output: Decoder is too slow; playing silence to avoid xrun
Oct 12 12:01 : player: played "Aozaki Aoko - Hideyuki Fukasawa.flac"
Oct 12 12:02 : alsa_output: Decoder is too slow; playing silence to avoid xrun
Oct 14 10:31 : alsa_output: Decoder is too slow; playing silence to avoid xrun
Oct 14 10:31 : player: played "勇者 - YOASOBI.flac"
Oct 14 10:31 : exception: Bad playlist name
Oct 14 10:34 : player: played "勇者 - YOASOBI.flac"
Oct 14 10:38 : player: played "Five - Hideyuki Fukasawa.flac"
Oct 14 10:43 : player: played "Main Theme of Witch On The Holy Night - Hideyuki Fukasawa.flac"
Oct 14 10:47 : player: played "アイドル - YOASOBI.flac"
Oct 14 10:52 : player: played "07. Serenade.flac"
Oct 17 13:16 : player: played "01. Kokoroe.flac"
Oct 20 02:53 : alsa_output: Decoder is too slow; playing silence to avoid xrun
Oct 20 02:56 : player: played "勇者 - YOASOBI.flac"
Oct 20 02:58 : alsa_output: Decoder is too slow; playing silence to avoid xrun
Oct 20 03:03 : player: played "07. Serenade.flac"
Oct 20 03:06 : player: played "01. Kokoroe.flac"
Oct 20 03:10 : player: played "01. Saikai (produced by Ayase).flac"
Oct 20 03:16 : player: played "Aozaki Aoko - Hideyuki Fukasawa.flac"
Oct 20 03:19 : player: played "勇者 - YOASOBI.flac"
Oct 20 03:23 : player: played "Five - Hideyuki Fukasawa.flac"
Oct 20 03:28 : player: played "Main Theme of Witch On The Holy Night - Hideyuki Fukasawa.flac"
Oct 20 03:32 : player: played "アイドル - YOASOBI.flac"
Oct 20 03:36 : player: played "07. Serenade.flac"
Oct 20 03:40 : player: played "01. Kokoroe.flac"
Oct 20 03:44 : player: played "01. Saikai (produced by Ayase).flac"
Oct 20 03:49 : player: played "Aozaki Aoko - Hideyuki Fukasawa.flac"
Oct 20 03:52 : player: played "勇者 - YOASOBI.flac"
Oct 21 05:46 : alsa_output: Decoder is too slow; playing silence to avoid xrun
Oct 21 05:51 : player: played "07. Serenade.flac"
Oct 21 05:55 : player: played "01. Kokoroe.flac"
Oct 21 05:59 : player: played "01. Saikai (produced by Ayase).flac"
Oct 21 06:04 : player: played "Aozaki Aoko - Hideyuki Fukasawa.flac"
Oct 21 06:07 : player: played "勇者 - YOASOBI.flac"
Oct 21 06:09 : player: played "Five - Hideyuki Fukasawa.flac"
Oct 22 07:56 : alsa_output: Decoder is too slow; playing silence to avoid xrun
Oct 22 07:59 : player: played "勇者 - YOASOBI.flac"
Oct 22 08:03 : player: played "Five - Hideyuki Fukasawa.flac"
Oct 22 08:09 : player: played "Main Theme of Witch On The Holy Night - Hideyuki Fukasawa.flac"
Oct 22 08:12 : player: played "アイドル - YOASOBI.flac"
Oct 22 08:14 : alsa_output: Decoder is too slow; playing silence to avoid xrun
Oct 22 08:14 : player: played "07. Serenade.flac"
Oct 22 08:45 : player: played "勇者 - YOASOBI.flac"
Oct 23 07:21 : alsa_output: Decoder is too slow; playing silence to avoid xrun
Oct 23 07:24 : player: played "勇者 - YOASOBI.flac"
Oct 23 07:28 : player: played "Five - Hideyuki Fukasawa.flac"
Oct 23 07:33 : player: played "Main Theme of Witch On The Holy Night - Hideyuki Fukasawa.flac"
Oct 23 07:33 : alsa_output: Decoder is too slow; playing silence to avoid xrun
Oct 23 07:37 : player: played "アイドル - YOASOBI.flac"
Oct 23 07:42 : player: played "07. Serenade.flac"
Oct 23 07:45 : player: played "01. Kokoroe.flac"
Oct 23 07:49 : player: played "01. Saikai (produced by Ayase).flac"
Oct 23 07:54 : player: played "Aozaki Aoko - Hideyuki Fukasawa.flac"
Oct 23 07:58 : player: played "勇者 - YOASOBI.flac"
Oct 23 08:02 : player: played "Five - Hideyuki Fukasawa.flac"
Oct 23 13:14 : alsa_output: Decoder is too slow; playing silence to avoid xrun
Oct 23 13:17 : player: played "勇者 - YOASOBI.flac"
Oct 23 13:21 : player: played "Five - Hideyuki Fukasawa.flac"
Oct 23 13:26 : player: played "Main Theme of Witch On The Holy Night - Hideyuki Fukasawa.flac"
Oct 23 13:26 : alsa_output: Decoder is too slow; playing silence to avoid xrun
Oct 23 13:30 : player: played "アイドル - YOASOBI.flac"
Oct 23 13:35 : alsa_output: Decoder is too slow; playing silence to avoid xrun
Oct 23 13:38 : player: played "勇者 - YOASOBI.flac"
Oct 23 13:42 : player: played "Five - Hideyuki Fukasawa.flac"
Oct 24 10:08 : alsa_output: Decoder is too slow; playing silence to avoid xrun
Oct 24 10:11 : player: played "勇者 - YOASOBI.flac"
Oct 24 10:12 : alsa_output: Decoder is too slow; playing silence to avoid xrun
Oct 24 10:15 : alsa_output: Decoder is too slow; playing silence to avoid xrun
Oct 24 10:19 : player: played "アイドル - YOASOBI.flac"
Oct 24 10:19 : player: played "07. Serenade.flac"
Oct 24 10:19 : alsa_output: Decoder is too slow; playing silence to avoid xrun
Oct 24 10:24 : player: played "07. Serenade.flac"
Oct 24 10:27 : player: played "01. Kokoroe.flac"
Oct 24 10:31 : player: played "01. Saikai (produced by Ayase).flac"
Oct 24 10:31 : alsa_output: Decoder is too slow; playing silence to avoid xrun
Oct 24 10:36 : player: played "Aozaki Aoko - Hideyuki Fukasawa.flac"
Oct 24 10:40 : player: played "勇者 - YOASOBI.flac"
Oct 24 10:44 : player: played "Five - Hideyuki Fukasawa.flac"
Oct 24 10:49 : player: played "Main Theme of Witch On The Holy Night - Hideyuki Fukasawa.flac"
Oct 24 10:52 : player: played "アイドル - YOASOBI.flac"
Oct 24 10:57 : player: played "07. Serenade.flac"
Oct 24 11:01 : player: played "01. Kokoroe.flac"
Oct 24 11:05 : player: played "01. Saikai (produced by Ayase).flac"
Oct 24 11:10 : player: played "Aozaki Aoko - Hideyuki Fukasawa.flac"
Oct 24 11:13 : player: played "勇者 - YOASOBI.flac"
Oct 25 04:09 : player: played "Five - Hideyuki Fukasawa.flac"
Oct 25 07:00 : alsa_output: Decoder is too slow; playing silence to avoid xrun
Oct 25 07:03 : player: played "勇者 - YOASOBI.flac"
Oct 25 07:07 : player: played "Five - Hideyuki Fukasawa.flac"
Oct 25 07:12 : player: played "Main Theme of Witch On The Holy Night - Hideyuki Fukasawa.flac"
Oct 25 07:13 : alsa_output: Decoder is too slow; playing silence to avoid xrun
Oct 25 07:16 : player: played "アイドル - YOASOBI.flac"
Oct 25 07:21 : player: played "07. Serenade.flac"
Oct 25 07:25 : player: played "01. Kokoroe.flac"
Oct 25 07:29 : player: played "01. Saikai (produced by Ayase).flac"
Oct 25 07:34 : player: played "Aozaki Aoko - Hideyuki Fukasawa.flac"
Oct 25 07:37 : player: played "勇者 - YOASOBI.flac"
Oct 25 07:41 : player: played "Five - Hideyuki Fukasawa.flac"
Oct 25 07:46 : player: played "Main Theme of Witch On The Holy Night - Hideyuki Fukasawa.flac"
Oct 25 07:50 : player: played "アイドル - YOASOBI.flac"
Oct 26 08:32 : player: played "07. Serenade.flac"
Oct 26 15:59 : alsa_output: Decoder is too slow; playing silence to avoid xrun
Oct 26 16:02 : player: played "勇者 - YOASOBI.flac"
Oct 27 06:07 : player: played "Five - Hideyuki Fukasawa.flac"
Oct 29 06:18 : alsa_output: Decoder is too slow; playing silence to avoid xrun
Oct 29 06:21 : player: played "勇者 - YOASOBI.flac"
Oct 29 10:25 : alsa_output: Decoder is too slow; playing silence to avoid xrun
Oct 29 10:28 : player: played "勇者 - YOASOBI.flac"
Oct 29 10:28 : alsa_output: Decoder is too slow; playing silence to avoid xrun
Oct 29 10:28 : alsa_output: Decoder is too slow; playing silence to avoid xrun
Oct 29 10:28 : alsa_output: Decoder is too slow; playing silence to avoid xrun
Oct 29 10:33 : player: played "07. Serenade.flac"
Oct 29 10:37 : player: played "01. Kokoroe.flac"
Oct 29 11:06 : alsa_output: Decoder is too slow; playing silence to avoid xrun
Oct 29 11:08 : player: played "01. Saikai (produced by Ayase).flac"
Oct 29 11:12 : player: played "勇者 - YOASOBI.flac"
Oct 29 13:23 : player: played "Aozaki Aoko - Hideyuki Fukasawa.flac"
Oct 30 12:26 : alsa_output: Decoder is too slow; playing silence to avoid xrun
Oct 31 04:13 : player: played "07. Serenade.flac"
Nov 03 04:28 : player: played "01. Kokoroe.flac"
Nov 03 04:28 : alsa_output: Decoder is too slow; playing silence to avoid xrun
Nov 03 04:30 : alsa_output: Decoder is too slow; playing silence to avoid xrun
Nov 03 04:34 : alsa_output: Decoder is too slow; playing silence to avoid xrun
Nov 03 04:39 : player: played "07. Serenade.flac"
Nov 03 04:42 : player: played "01. Kokoroe.flac"
Nov 04 13:25 : player: played "01. Saikai (produced by Ayase).flac"
Nov 09 03:29 : alsa_output: Decoder is too slow; playing silence to avoid xrun
Nov 09 03:34 : player: played "07. Serenade.flac"
Nov 09 03:38 : player: played "01. Kokoroe.flac"
Nov 09 03:42 : player: played "01. Saikai (produced by Ayase).flac"
Nov 09 03:45 : player: played "勇者 - YOASOBI.flac"
Nov 12 08:36 : alsa_output: Decoder is too slow; playing silence to avoid xrun
Nov 12 08:41 : player: played "07. Serenade.flac"
Nov 12 08:45 : player: played "01. Kokoroe.flac"
Nov 12 08:49 : player: played "01. Saikai (produced by Ayase).flac"
Nov 12 08:52 : player: played "勇者 - YOASOBI.flac"
Nov 12 08:57 : player: played "Aozaki Aoko - Hideyuki Fukasawa.flac"
Nov 12 12:34 : alsa_output: Decoder is too slow; playing silence to avoid xrun
Nov 12 12:39 : player: played "07. Serenade.flac"
Nov 12 12:42 : player: played "01. Kokoroe.flac"
Nov 12 12:42 : alsa_output: Decoder is too slow; playing silence to avoid xrun
Nov 12 13:25 : alsa_output: Decoder is too slow; playing silence to avoid xrun
Nov 12 13:28 : player: played "アイドル - YOASOBI.flac"
Nov 12 13:33 : player: played "07. Serenade.flac"
Nov 12 13:37 : player: played "01. Kokoroe.flac"
Nov 12 13:41 : player: played "01. Saikai (produced by Ayase).flac"
Nov 12 13:44 : player: played "勇者 - YOASOBI.flac"
Nov 13 16:00 : player: played "Aozaki Aoko - Hideyuki Fukasawa.flac"
Nov 15 04:21 : exception: Failed to decode /home/ajun/musics/Aozaki Aoko - Hideyuki Fukasawa.flac; Failed to open '/home/ajun/musics/Aozaki Aoko - Hideyuki Fukasawa.flac': No such file or directory
Nov 15 04:21 : exception: Failed to decode /home/ajun/musics/Five - Hideyuki Fukasawa.flac; Failed to open '/home/ajun/musics/Five - Hideyuki Fukasawa.flac': No such file or directory
Nov 15 04:21 : player: played "Aozaki Aoko - Hideyuki Fukasawa.flac"
Nov 15 04:24 : exception: Failed to decode /home/ajun/musics/07. Serenade.flac; Failed to open '/home/ajun/musics/07. Serenade.flac': No such file or directory
Nov 15 04:24 : exception: Failed to decode /home/ajun/musics/01. Kokoroe.flac; Failed to open '/home/ajun/musics/01. Kokoroe.flac': No such file or directory
Nov 15 04:24 : player: played "07. Serenade.flac"
Nov 15 04:24 : exception: Failed to decode /home/ajun/musics/01. Kokoroe.flac; Failed to open '/home/ajun/musics/01. Kokoroe.flac': No such file or directory
Nov 15 04:24 : player: played "01. Kokoroe.flac"
Nov 15 04:24 : exception: Failed to decode /home/ajun/musics/01. Saikai (produced by Ayase).flac; Failed to open '/home/ajun/musics/01. Saikai (produced by Ayase).flac': No such file or directory
Nov 15 04:24 : player: played "01. Saikai (produced by Ayase).flac"
Nov 15 04:24 : exception: Failed to decode /home/ajun/musics/勇者 - YOASOBI.flac; Failed to open '/home/ajun/musics/勇者 - YOASOBI.flac': No such file or directory
Nov 15 04:24 : player: played "勇者 - YOASOBI.flac"
Nov 15 04:24 : exception: Failed to decode /home/ajun/musics/勇者 - YOASOBI.flac; Failed to open '/home/ajun/musics/勇者 - YOASOBI.flac': No such file or directory
Nov 15 04:24 : player: played "勇者 - YOASOBI.flac"
Nov 15 04:24 : exception: Failed to decode /home/ajun/musics/Aozaki Aoko - Hideyuki Fukasawa.flac; Failed to open '/home/ajun/musics/Aozaki Aoko - Hideyuki Fukasawa.flac': No such file or directory
Nov 15 04:24 : player: played "Aozaki Aoko - Hideyuki Fukasawa.flac"
Nov 15 04:24 : exception: Failed to decode /home/ajun/musics/Five - Hideyuki Fukasawa.flac; Failed to open '/home/ajun/musics/Five - Hideyuki Fukasawa.flac': No such file or directory
Nov 15 04:24 : player: played "Five - Hideyuki Fukasawa.flac"
Nov 15 04:24 : exception: Failed to decode /home/ajun/musics/Main Theme of Witch On The Holy Night - Hideyuki Fukasawa.flac; Failed to open '/home/ajun/musics/Main Theme of Witch On The Holy Night - Hideyuki Fukasawa.flac': No such file or directory
Nov 15 04:24 : player: played "Main Theme of Witch On The Holy Night - Hideyuki Fukasawa.flac"
Nov 15 04:24 : exception: Failed to decode /home/ajun/musics/アイドル - YOASOBI.flac; Failed to open '/home/ajun/musics/アイドル - YOASOBI.flac': No such file or directory
Nov 15 04:24 : player: played "アイドル - YOASOBI.flac"
Nov 15 04:24 : exception: Failed to decode /home/ajun/musics/07. Serenade.flac; Failed to open '/home/ajun/musics/07. Serenade.flac': No such file or directory
Nov 15 04:24 : player: played "07. Serenade.flac"
Nov 15 04:24 : exception: Failed to decode /home/ajun/musics/01. Kokoroe.flac; Failed to open '/home/ajun/musics/01. Kokoroe.flac': No such file or directory
Nov 15 04:24 : player: played "01. Kokoroe.flac"
Nov 15 04:24 : exception: Failed to decode /home/ajun/musics/01. Saikai (produced by Ayase).flac; Failed to open '/home/ajun/musics/01. Saikai (produced by Ayase).flac': No such file or directory
Nov 15 04:24 : player: played "01. Saikai (produced by Ayase).flac"
Nov 15 04:24 : exception: Failed to decode /home/ajun/musics/01. Saikai (produced by Ayase).flac; Failed to open '/home/ajun/musics/01. Saikai (produced by Ayase).flac': No such file or directory
Nov 15 04:24 : player: played "01. Saikai (produced by Ayase).flac"
Nov 15 04:24 : exception: Failed to decode /home/ajun/musics/勇者 - YOASOBI.flac; Failed to open '/home/ajun/musics/勇者 - YOASOBI.flac': No such file or directory
Nov 15 04:24 : player: played "勇者 - YOASOBI.flac"
Nov 15 04:24 : exception: Failed to decode /home/ajun/musics/勇者 - YOASOBI.flac; Failed to open '/home/ajun/musics/勇者 - YOASOBI.flac': No such file or directory
Nov 15 04:24 : player: played "勇者 - YOASOBI.flac"
Nov 15 04:24 : exception: Failed to decode /home/ajun/musics/Aozaki Aoko - Hideyuki Fukasawa.flac; Failed to open '/home/ajun/musics/Aozaki Aoko - Hideyuki Fukasawa.flac': No such file or directory
Nov 15 04:24 : player: played "Aozaki Aoko - Hideyuki Fukasawa.flac"
Nov 15 04:24 : exception: Failed to decode /home/ajun/musics/Five - Hideyuki Fukasawa.flac; Failed to open '/home/ajun/musics/Five - Hideyuki Fukasawa.flac': No such file or directory
Nov 15 04:24 : player: played "Five - Hideyuki Fukasawa.flac"
Nov 15 04:24 : exception: Failed to decode /home/ajun/musics/Five - Hideyuki Fukasawa.flac; Failed to open '/home/ajun/musics/Five - Hideyuki Fukasawa.flac': No such file or directory
Nov 15 04:24 : player: played "Five - Hideyuki Fukasawa.flac"
Nov 15 04:24 : exception: Failed to decode /home/ajun/musics/Main Theme of Witch On The Holy Night - Hideyuki Fukasawa.flac; Failed to open '/home/ajun/musics/Main Theme of Witch On The Holy Night - Hideyuki Fukasawa.flac': No such file or directory
Nov 15 04:24 : player: played "Main Theme of Witch On The Holy Night - Hideyuki Fukasawa.flac"
Nov 15 04:24 : exception: Failed to decode /home/ajun/musics/アイドル - YOASOBI.flac; Failed to open '/home/ajun/musics/アイドル - YOASOBI.flac': No such file or directory
Nov 15 04:24 : player: played "アイドル - YOASOBI.flac"
Nov 15 04:24 : exception: Failed to decode /home/ajun/musics/07. Serenade.flac; Failed to open '/home/ajun/musics/07. Serenade.flac': No such file or directory
Nov 15 04:24 : player: played "07. Serenade.flac"
Nov 15 04:24 : exception: Failed to decode /home/ajun/musics/01. Kokoroe.flac; Failed to open '/home/ajun/musics/01. Kokoroe.flac': No such file or directory
Nov 15 04:24 : player: played "01. Kokoroe.flac"
Nov 15 04:24 : exception: Failed to decode /home/ajun/musics/01. Saikai (produced by Ayase).flac; Failed to open '/home/ajun/musics/01. Saikai (produced by Ayase).flac': No such file or directory
Nov 15 04:24 : player: played "01. Saikai (produced by Ayase).flac"
Nov 15 04:24 : exception: Failed to decode /home/ajun/musics/勇者 - YOASOBI.flac; Failed to open '/home/ajun/musics/勇者 - YOASOBI.flac': No such file or directory
Nov 15 04:24 : player: played "勇者 - YOASOBI.flac"
Nov 15 04:24 : exception: Failed to decode /home/ajun/musics/Aozaki Aoko - Hideyuki Fukasawa.flac; Failed to open '/home/ajun/musics/Aozaki Aoko - Hideyuki Fukasawa.flac': No such file or directory
Nov 15 04:24 : player: played "Aozaki Aoko - Hideyuki Fukasawa.flac"
Nov 15 04:24 : exception: Failed to decode /home/ajun/musics/Five - Hideyuki Fukasawa.flac; Failed to open '/home/ajun/musics/Five - Hideyuki Fukasawa.flac': No such file or directory
Nov 15 04:24 : player: played "Five - Hideyuki Fukasawa.flac"
Nov 15 04:24 : exception: Failed to decode /home/ajun/musics/Main Theme of Witch On The Holy Night - Hideyuki Fukasawa.flac; Failed to open '/home/ajun/musics/Main Theme of Witch On The Holy Night - Hideyuki Fukasawa.flac': No such file or directory
Nov 15 04:24 : player: played "Main Theme of Witch On The Holy Night - Hideyuki Fukasawa.flac"
Nov 15 04:24 : exception: Failed to decode /home/ajun/musics/アイドル - YOASOBI.flac; Failed to open '/home/ajun/musics/アイドル - YOASOBI.flac': No such file or directory
Nov 15 04:24 : player: played "アイドル - YOASOBI.flac"
Nov 15 04:24 : exception: Failed to decode /home/ajun/musics/07. Serenade.flac; Failed to open '/home/ajun/musics/07. Serenade.flac': No such file or directory
Nov 15 04:24 : player: played "07. Serenade.flac"
Nov 15 04:24 : exception: Failed to decode /home/ajun/musics/07. Serenade.flac; Failed to open '/home/ajun/musics/07. Serenade.flac': No such file or directory
Nov 15 04:24 : player: played "07. Serenade.flac"
Nov 15 04:24 : exception: Failed to decode /home/ajun/musics/01. Kokoroe.flac; Failed to open '/home/ajun/musics/01. Kokoroe.flac': No such file or directory
Nov 15 04:24 : player: played "01. Kokoroe.flac"
Nov 15 04:24 : exception: Failed to decode /home/ajun/musics/01. Saikai (produced by Ayase).flac; Failed to open '/home/ajun/musics/01. Saikai (produced by Ayase).flac': No such file or directory
Nov 15 04:24 : player: played "01. Saikai (produced by Ayase).flac"
Nov 15 04:24 : exception: Failed to decode /home/ajun/musics/勇者 - YOASOBI.flac; Failed to open '/home/ajun/musics/勇者 - YOASOBI.flac': No such file or directory
Nov 15 04:24 : player: played "勇者 - YOASOBI.flac"
Nov 15 04:24 : exception: Failed to decode /home/ajun/musics/Aozaki Aoko - Hideyuki Fukasawa.flac; Failed to open '/home/ajun/musics/Aozaki Aoko - Hideyuki Fukasawa.flac': No such file or directory
Nov 15 04:24 : player: played "Aozaki Aoko - Hideyuki Fukasawa.flac"
Nov 15 04:24 : exception: Failed to decode /home/ajun/musics/Five - Hideyuki Fukasawa.flac; Failed to open '/home/ajun/musics/Five - Hideyuki Fukasawa.flac': No such file or directory
Nov 15 04:24 : player: played "Five - Hideyuki Fukasawa.flac"
Nov 15 04:24 : exception: Failed to decode /home/ajun/musics/Main Theme of Witch On The Holy Night - Hideyuki Fukasawa.flac; Failed to open '/home/ajun/musics/Main Theme of Witch On The Holy Night - Hideyuki Fukasawa.flac': No such file or directory
Nov 15 04:24 : player: played "Main Theme of Witch On The Holy Night - Hideyuki Fukasawa.flac"
Nov 15 04:24 : exception: Failed to decode /home/ajun/musics/アイドル - YOASOBI.flac; Failed to open '/home/ajun/musics/アイドル - YOASOBI.flac': No such file or directory
Nov 15 04:24 : player: played "アイドル - YOASOBI.flac"
Nov 15 04:24 : exception: Failed to decode /home/ajun/musics/07. Serenade.flac; Failed to open '/home/ajun/musics/07. Serenade.flac': No such file or directory
Nov 15 04:24 : player: played "07. Serenade.flac"
Nov 15 04:24 : exception: Failed to decode /home/ajun/musics/01. Kokoroe.flac; Failed to open '/home/ajun/musics/01. Kokoroe.flac': No such file or directory
Nov 15 04:24 : exception: Failed to decode /home/ajun/musics/01. Saikai (produced by Ayase).flac; Failed to open '/home/ajun/musics/01. Saikai (produced by Ayase).flac': No such file or directory
Nov 15 04:24 : player: played "01. Kokoroe.flac"
Nov 15 04:24 : exception: Failed to decode /home/ajun/musics/01. Saikai (produced by Ayase).flac; Failed to open '/home/ajun/musics/01. Saikai (produced by Ayase).flac': No such file or directory
Nov 15 04:24 : exception: Failed to decode /home/ajun/musics/勇者 - YOASOBI.flac; Failed to open '/home/ajun/musics/勇者 - YOASOBI.flac': No such file or directory
Nov 15 04:24 : player: played "01. Saikai (produced by Ayase).flac"
Nov 15 04:24 : exception: Failed to decode /home/ajun/musics/01. Kokoroe.flac; Failed to open '/home/ajun/musics/01. Kokoroe.flac': No such file or directory
Nov 15 04:24 : player: played "01. Kokoroe.flac"
Nov 15 04:24 : exception: Failed to decode /home/ajun/musics/01. Saikai (produced by Ayase).flac; Failed to open '/home/ajun/musics/01. Saikai (produced by Ayase).flac': No such file or directory
Nov 15 04:24 : player: played "01. Saikai (produced by Ayase).flac"
Nov 15 04:24 : exception: Failed to decode /home/ajun/musics/勇者 - YOASOBI.flac; Failed to open '/home/ajun/musics/勇者 - YOASOBI.flac': No such file or directory
Nov 15 04:24 : player: played "勇者 - YOASOBI.flac"
Nov 15 04:24 : exception: Failed to decode /home/ajun/musics/Aozaki Aoko - Hideyuki Fukasawa.flac; Failed to open '/home/ajun/musics/Aozaki Aoko - Hideyuki Fukasawa.flac': No such file or directory
Nov 15 04:24 : player: played "Aozaki Aoko - Hideyuki Fukasawa.flac"
Nov 15 04:24 : exception: Failed to decode /home/ajun/musics/Five - Hideyuki Fukasawa.flac; Failed to open '/home/ajun/musics/Five - Hideyuki Fukasawa.flac': No such file or directory
Nov 15 04:24 : player: played "Five - Hideyuki Fukasawa.flac"
Nov 15 04:24 : exception: Failed to decode /home/ajun/musics/Main Theme of Witch On The Holy Night - Hideyuki Fukasawa.flac; Failed to open '/home/ajun/musics/Main Theme of Witch On The Holy Night - Hideyuki Fukasawa.flac': No such file or directory
Nov 15 04:24 : player: played "Main Theme of Witch On The Holy Night - Hideyuki Fukasawa.flac"
Nov 15 04:24 : exception: Failed to decode /home/ajun/musics/アイドル - YOASOBI.flac; Failed to open '/home/ajun/musics/アイドル - YOASOBI.flac': No such file or directory
Nov 15 04:24 : player: played "アイドル - YOASOBI.flac"
Nov 15 04:24 : exception: Failed to decode /home/ajun/musics/07. Serenade.flac; Failed to open '/home/ajun/musics/07. Serenade.flac': No such file or directory
Nov 15 04:24 : player: played "07. Serenade.flac"
Nov 15 04:24 : exception: Failed to decode /home/ajun/musics/07. Serenade.flac; Failed to open '/home/ajun/musics/07. Serenade.flac': No such file or directory
Nov 15 04:24 : player: played "07. Serenade.flac"
Nov 15 04:24 : exception: Failed to decode /home/ajun/musics/01. Kokoroe.flac; Failed to open '/home/ajun/musics/01. Kokoroe.flac': No such file or directory
Nov 15 04:24 : player: played "01. Kokoroe.flac"
Nov 15 04:24 : exception: Failed to decode /home/ajun/musics/01. Saikai (produced by Ayase).flac; Failed to open '/home/ajun/musics/01. Saikai (produced by Ayase).flac': No such file or directory
Nov 15 04:24 : player: played "01. Saikai (produced by Ayase).flac"
Nov 15 04:24 : exception: Failed to decode /home/ajun/musics/勇者 - YOASOBI.flac; Failed to open '/home/ajun/musics/勇者 - YOASOBI.flac': No such file or directory
Nov 15 04:24 : player: played "勇者 - YOASOBI.flac"
Nov 15 04:24 : exception: Failed to decode /home/ajun/musics/Aozaki Aoko - Hideyuki Fukasawa.flac; Failed to open '/home/ajun/musics/Aozaki Aoko - Hideyuki Fukasawa.flac': No such file or directory
Nov 15 04:24 : player: played "Aozaki Aoko - Hideyuki Fukasawa.flac"
Nov 15 04:24 : exception: Failed to decode /home/ajun/musics/Five - Hideyuki Fukasawa.flac; Failed to open '/home/ajun/musics/Five - Hideyuki Fukasawa.flac': No such file or directory
Nov 15 04:24 : player: played "Five - Hideyuki Fukasawa.flac"
Nov 15 04:24 : exception: Failed to decode /home/ajun/musics/Five - Hideyuki Fukasawa.flac; Failed to open '/home/ajun/musics/Five - Hideyuki Fukasawa.flac': No such file or directory
Nov 15 04:24 : player: played "Five - Hideyuki Fukasawa.flac"
Nov 15 04:24 : exception: Failed to decode /home/ajun/musics/Main Theme of Witch On The Holy Night - Hideyuki Fukasawa.flac; Failed to open '/home/ajun/musics/Main Theme of Witch On The Holy Night - Hideyuki Fukasawa.flac': No such file or directory
Nov 15 04:24 : player: played "Main Theme of Witch On The Holy Night - Hideyuki Fukasawa.flac"
Nov 15 04:24 : exception: Failed to decode /home/ajun/musics/アイドル - YOASOBI.flac; Failed to open '/home/ajun/musics/アイドル - YOASOBI.flac': No such file or directory
Nov 15 04:24 : player: played "アイドル - YOASOBI.flac"
Nov 15 04:24 : exception: Failed to decode /home/ajun/musics/07. Serenade.flac; Failed to open '/home/ajun/musics/07. Serenade.flac': No such file or directory
Nov 15 04:24 : player: played "07. Serenade.flac"
Nov 15 04:24 : exception: Failed to decode /home/ajun/musics/01. Kokoroe.flac; Failed to open '/home/ajun/musics/01. Kokoroe.flac': No such file or directory
Nov 15 04:24 : player: played "01. Kokoroe.flac"
Nov 15 04:24 : exception: Failed to decode /home/ajun/musics/01. Saikai (produced by Ayase).flac; Failed to open '/home/ajun/musics/01. Saikai (produced by Ayase).flac': No such file or directory
Nov 15 04:24 : player: played "01. Saikai (produced by Ayase).flac"
Nov 15 04:24 : exception: Failed to decode /home/ajun/musics/01. Kokoroe.flac; Failed to open '/home/ajun/musics/01. Kokoroe.flac': No such file or directory
Nov 15 04:24 : player: played "01. Kokoroe.flac"
Nov 15 04:24 : exception: Failed to decode /home/ajun/musics/01. Saikai (produced by Ayase).flac; Failed to open '/home/ajun/musics/01. Saikai (produced by Ayase).flac': No such file or directory
Nov 15 04:24 : player: played "01. Saikai (produced by Ayase).flac"
Nov 15 04:24 : exception: Failed to decode /home/ajun/musics/勇者 - YOASOBI.flac; Failed to open '/home/ajun/musics/勇者 - YOASOBI.flac': No such file or directory
Nov 15 04:24 : player: played "勇者 - YOASOBI.flac"
Nov 15 04:24 : exception: Failed to decode /home/ajun/musics/Aozaki Aoko - Hideyuki Fukasawa.flac; Failed to open '/home/ajun/musics/Aozaki Aoko - Hideyuki Fukasawa.flac': No such file or directory
Nov 15 04:24 : player: played "Aozaki Aoko - Hideyuki Fukasawa.flac"
Nov 15 04:24 : exception: Failed to decode /home/ajun/musics/Five - Hideyuki Fukasawa.flac; Failed to open '/home/ajun/musics/Five - Hideyuki Fukasawa.flac': No such file or directory
Nov 15 04:24 : player: played "Five - Hideyuki Fukasawa.flac"
Nov 15 04:24 : exception: Failed to decode /home/ajun/musics/Main Theme of Witch On The Holy Night - Hideyuki Fukasawa.flac; Failed to open '/home/ajun/musics/Main Theme of Witch On The Holy Night - Hideyuki Fukasawa.flac': No such file or directory
Nov 15 04:24 : player: played "Main Theme of Witch On The Holy Night - Hideyuki Fukasawa.flac"
Nov 15 04:24 : exception: Failed to decode /home/ajun/musics/Main Theme of Witch On The Holy Night - Hideyuki Fukasawa.flac; Failed to open '/home/ajun/musics/Main Theme of Witch On The Holy Night - Hideyuki Fukasawa.flac': No such file or directory
Nov 15 04:24 : player: played "Main Theme of Witch On The Holy Night - Hideyuki Fukasawa.flac"
Nov 15 04:24 : exception: Failed to decode /home/ajun/musics/アイドル - YOASOBI.flac; Failed to open '/home/ajun/musics/アイドル - YOASOBI.flac': No such file or directory
Nov 15 04:24 : player: played "アイドル - YOASOBI.flac"
Nov 15 04:24 : exception: Failed to decode /home/ajun/musics/07. Serenade.flac; Failed to open '/home/ajun/musics/07. Serenade.flac': No such file or directory
Nov 15 04:24 : player: played "07. Serenade.flac"
Nov 15 04:24 : exception: Failed to decode /home/ajun/musics/07. Serenade.flac; Failed to open '/home/ajun/musics/07. Serenade.flac': No such file or directory
Nov 15 04:24 : player: played "07. Serenade.flac"
Nov 15 04:24 : exception: Failed to decode /home/ajun/musics/01. Kokoroe.flac; Failed to open '/home/ajun/musics/01. Kokoroe.flac': No such file or directory
Nov 15 04:24 : player: played "01. Kokoroe.flac"
Nov 15 04:24 : exception: Failed to decode /home/ajun/musics/01. Saikai (produced by Ayase).flac; Failed to open '/home/ajun/musics/01. Saikai (produced by Ayase).flac': No such file or directory
Nov 15 04:24 : player: played "01. Saikai (produced by Ayase).flac"
Nov 15 04:24 : exception: Failed to decode /home/ajun/musics/勇者 - YOASOBI.flac; Failed to open '/home/ajun/musics/勇者 - YOASOBI.flac': No such file or directory
Nov 15 04:24 : player: played "勇者 - YOASOBI.flac"
Nov 15 04:24 : exception: Failed to decode /home/ajun/musics/Aozaki Aoko - Hideyuki Fukasawa.flac; Failed to open '/home/ajun/musics/Aozaki Aoko - Hideyuki Fukasawa.flac': No such file or directory
Nov 15 04:24 : player: played "Aozaki Aoko - Hideyuki Fukasawa.flac"
Nov 15 04:24 : exception: Failed to decode /home/ajun/musics/Five - Hideyuki Fukasawa.flac; Failed to open '/home/ajun/musics/Five - Hideyuki Fukasawa.flac': No such file or directory
Nov 15 04:24 : player: played "Five - Hideyuki Fukasawa.flac"
Nov 15 04:24 : exception: Failed to decode /home/ajun/musics/Main Theme of Witch On The Holy Night - Hideyuki Fukasawa.flac; Failed to open '/home/ajun/musics/Main Theme of Witch On The Holy Night - Hideyuki Fukasawa.flac': No such file or directory
Nov 15 04:24 : player: played "Main Theme of Witch On The Holy Night - Hideyuki Fukasawa.flac"
Nov 15 04:24 : exception: Failed to decode /home/ajun/musics/アイドル - YOASOBI.flac; Failed to open '/home/ajun/musics/アイドル - YOASOBI.flac': No such file or directory
Nov 15 04:24 : player: played "アイドル - YOASOBI.flac"
Nov 15 04:24 : exception: Failed to decode /home/ajun/musics/07. Serenade.flac; Failed to open '/home/ajun/musics/07. Serenade.flac': No such file or directory
Nov 15 04:24 : player: played "07. Serenade.flac"
Nov 15 04:24 : exception: Failed to decode /home/ajun/musics/07. Serenade.flac; Failed to open '/home/ajun/musics/07. Serenade.flac': No such file or directory
Nov 15 04:24 : player: played "07. Serenade.flac"
Nov 15 04:24 : exception: Failed to decode /home/ajun/musics/アイドル - YOASOBI.flac; Failed to open '/home/ajun/musics/アイドル - YOASOBI.flac': No such file or directory
Nov 15 04:24 : player: played "アイドル - YOASOBI.flac"
Nov 15 04:24 : exception: Failed to decode /home/ajun/musics/アイドル - YOASOBI.flac; Failed to open '/home/ajun/musics/アイドル - YOASOBI.flac': No such file or directory
Nov 15 04:24 : exception: Failed to decode /home/ajun/musics/07. Serenade.flac; Failed to open '/home/ajun/musics/07. Serenade.flac': No such file or directory
Nov 15 04:24 : player: played "07. Serenade.flac"
Nov 15 04:24 : exception: Failed to decode /home/ajun/musics/01. Kokoroe.flac; Failed to open '/home/ajun/musics/01. Kokoroe.flac': No such file or directory
Nov 15 04:24 : player: played "01. Kokoroe.flac"
Nov 15 04:24 : exception: Failed to decode /home/ajun/musics/01. Saikai (produced by Ayase).flac; Failed to open '/home/ajun/musics/01. Saikai (produced by Ayase).flac': No such file or directory
Nov 15 04:24 : player: played "01. Saikai (produced by Ayase).flac"
Nov 15 04:24 : exception: Failed to decode /home/ajun/musics/勇者 - YOASOBI.flac; Failed to open '/home/ajun/musics/勇者 - YOASOBI.flac': No such file or directory
Nov 15 04:24 : player: played "勇者 - YOASOBI.flac"
Nov 15 04:24 : exception: Failed to decode /home/ajun/musics/Aozaki Aoko - Hideyuki Fukasawa.flac; Failed to open '/home/ajun/musics/Aozaki Aoko - Hideyuki Fukasawa.flac': No such file or directory
Nov 15 04:24 : player: played "Aozaki Aoko - Hideyuki Fukasawa.flac"
Nov 15 04:24 : exception: Failed to decode /home/ajun/musics/Five - Hideyuki Fukasawa.flac; Failed to open '/home/ajun/musics/Five - Hideyuki Fukasawa.flac': No such file or directory
Nov 15 04:24 : player: played "Five - Hideyuki Fukasawa.flac"
Nov 15 04:24 : exception: Failed to decode /home/ajun/musics/Main Theme of Witch On The Holy Night - Hideyuki Fukasawa.flac; Failed to open '/home/ajun/musics/Main Theme of Witch On The Holy Night - Hideyuki Fukasawa.flac': No such file or directory
Nov 15 04:24 : player: played "Main Theme of Witch On The Holy Night - Hideyuki Fukasawa.flac"
Nov 15 04:24 : exception: Failed to decode /home/ajun/musics/アイドル - YOASOBI.flac; Failed to open '/home/ajun/musics/アイドル - YOASOBI.flac': No such file or directory
Nov 15 04:24 : player: played "アイドル - YOASOBI.flac"
Nov 15 04:24 : alsa_output: Decoder is too slow; playing silence to avoid xrun
Nov 15 04:27 : player: played "アイドル - YOASOBI.flac"
Nov 15 04:32 : player: played "07. Serenade.flac"
Nov 15 04:36 : player: played "01. Kokoroe.flac"
Nov 15 04:40 : player: played "01. Saikai (produced by Ayase).flac"
Nov 15 04:43 : player: played "勇者 - YOASOBI.flac"
Nov 15 04:44 : alsa_output: Decoder is too slow; playing silence to avoid xrun
Nov 15 04:48 : player: played "01. Kokoroe.flac"
Nov 15 04:48 : alsa_output: Decoder is too slow; playing silence to avoid xrun
Nov 15 05:00 : player: played "Aozaki Aoko - Hideyuki Fukasawa.flac"
Nov 15 05:04 : player: played "Five - Hideyuki Fukasawa.flac"
Nov 15 05:09 : player: played "Main Theme of Witch On The Holy Night - Hideyuki Fukasawa.flac"
Nov 15 05:21 : update: removing 07. Serenade.flac
Nov 15 05:21 : update: removing 01. Kokoroe.flac
Nov 15 05:21 : update: removing 01. Saikai (produced by Ayase).flac
Nov 15 05:21 : update: added Uru/Uru - Furiko.flac
Nov 15 05:21 : update: added Uru/Love Song Self-cover version.flac
Nov 15 05:21 : update: added Uru/Uru - The Last Rain.flac
Nov 15 05:21 : update: added Uru/Uru - Break.flac
Nov 15 05:21 : update: added Uru/Break.flac
Nov 15 05:21 : update: added Uru/Uru - Anataga Iru Kotode.flac
Nov 15 05:21 : update: added Uru/Hakusekirei.flac
Nov 15 05:21 : update: added Uru/Uru - Negai.flac
Nov 15 05:21 : update: added Uru/Soreo Aito Yobunara.flac
Nov 15 05:21 : update: added Uru/Uru - remember.flac
Nov 15 05:21 : update: added Uru/Sobaniiruyo.flac
Nov 15 05:21 : update: added Uru/Uru - Kiseki.flac
Nov 15 05:21 : update: added Uru/Uru - remember (Self-Cover Version).flac
Nov 15 05:21 : update: added Uru/Uru - IMA AINI IKU.flac
Nov 15 05:21 : update: added Uru/Uru - Break (Self-cover version).flac
Nov 15 05:21 : update: added Uru/Uru - Freesia (Self-Cover Version).flac
Nov 15 05:21 : update: added Uru/Serenade.flac
Nov 15 05:21 : update: added Uru/Love Song.flac
Nov 15 05:21 : update: added Uru/Mukishitsu.flac
Nov 15 05:21 : update: added Uru/Uru - Shiawase No Uta.flac
Nov 15 05:21 : update: added Uru/Uru - Dry Flower.flac
Nov 15 05:21 : update: added Uru/Uru - Anatagairukotode (self cover version).flac
Nov 15 05:21 : update: added Uru/Kokoroe Kamihitoe/02. Kamihitoe.flac
Nov 15 05:21 : update: added Uru/Kokoroe Kamihitoe/04. Furiko - From THE FIRST TAKE.flac
Nov 15 05:21 : update: added Uru/Kokoroe Kamihitoe/01. Kokoroe.flac
Nov 15 05:21 : update: added Uru/Kokoroe Kamihitoe/03. Soreo Aito Yobunara - From THE FIRST TAKE.flac
Nov 15 05:21 : update: added Uru/01. 再会 (produced by Ayase).flac
Nov 15 05:21 : update: added Uru/Uru - First Love.flac
Nov 15 05:21 : update: added Uru/Uru - One More Time, One More Chance.flac
Nov 15 05:21 : update: added Uru/First Love.flac
Nov 15 05:21 : update: added Uru/Positive Nyubu.flac
Nov 15 05:21 : update: added Uru/Uru - Scenery.flac
Nov 15 05:21 : update: added Uru/Uru - あなたがいることで (TBS系日曜劇場「テセウスの船」主題歌).flac
Nov 15 05:21 : update: added Uru/Datsu Karitekita Neko Syoukougun.flac
Nov 15 05:21 : update: added Uru/Nandemo Naiyo.flac
Nov 15 05:21 : update: added Uru/Uru - Mukishitsu.flac
Nov 15 05:21 : update: added Uru/Land Mark.flac
Nov 15 05:21 : update: added Uru/Prologue/Uru - Yuki No Hana.flac
Nov 15 05:21 : update: added Uru/Uru - Freesia.flac
Nov 15 05:21 : update: added Uru/Love Song/Uru - Love Song.mp3
Nov 15 05:21 : update: added Uru/Love Song/Uru - First Love (Self-cover version).mp3
Nov 15 05:21 : update: added Uru/Uru - Hoshino Nakano Kimi.flac
Nov 15 05:21 : update: added Uru/Koi.flac
Nov 15 05:21 : player: played "Uru/Uru - Anatagairukotode (self cover version).flac"
Nov 15 05:25 : exception: Bad song index
Nov 15 05:25 : exception: Bad song index
Nov 15 05:25 : exception: Bad song index
Nov 15 05:25 : exception: Bad song index
Nov 15 05:25 : exception: Bad song index
Nov 15 05:25 : exception: Bad song index
Nov 15 05:25 : exception: Bad playlist name
Nov 15 05:26 : exception: Bad song index
Nov 15 05:26 : exception: Failed to open '/home/ajun/msc/All.m3u.m3u': No such file or directory
Nov 15 05:26 : exception: Bad song index
Nov 15 05:26 : alsa_output: Decoder is too slow; playing silence to avoid xrun
Nov 15 05:27 : alsa_output: Decoder is too slow; playing silence to avoid xrun
Nov 15 05:28 : alsa_output: Decoder is too slow; playing silence to avoid xrun
Nov 15 05:28 : alsa_output: Decoder is too slow; playing silence to avoid xrun
Nov 15 05:28 : player: played "Uru/Soreo Aito Yobunara.flac"
Nov 15 05:28 : alsa_output: Decoder is too slow; playing silence to avoid xrun
Nov 15 05:29 : alsa_output: Decoder is too slow; playing silence to avoid xrun
Nov 15 05:29 : alsa_output: Decoder is too slow; playing silence to avoid xrun
Nov 15 05:34 : player: played "Uru/Serenade.flac"
Nov 15 05:37 : player: played "Uru/Nandemo Naiyo.flac"
Nov 15 08:10 : alsa_output: Decoder is too slow; playing silence to avoid xrun
Nov 15 08:14 : player: played "Uru/Land Mark.flac"
Nov 15 08:19 : player: played "Uru/Love Song.flac"
Nov 15 08:23 : player: played "Uru/Positive Nyubu.flac"
Nov 15 08:30 : player: played "Uru/Uru - One More Time, One More Chance.flac"
Nov 15 08:49 : flac: FLAC__STREAM_DECODER_ERROR_STATUS_LOST_SYNC
Nov 15 08:49 : flac: FLAC__STREAM_DECODER_ERROR_STATUS_BAD_HEADER
Nov 15 08:49 : flac: FLAC__STREAM_DECODER_ERROR_STATUS_LOST_SYNC
Nov 15 08:49 : flac: FLAC__STREAM_DECODER_ERROR_STATUS_BAD_HEADER
Nov 15 08:49 : flac: FLAC__STREAM_DECODER_ERROR_STATUS_LOST_SYNC
Nov 15 08:49 : flac: FLAC__STREAM_DECODER_ERROR_STATUS_BAD_HEADER
Nov 15 08:49 : flac: FLAC__STREAM_DECODER_ERROR_STATUS_LOST_SYNC
Nov 15 08:49 : flac: FLAC__STREAM_DECODER_ERROR_STATUS_BAD_HEADER
Nov 15 08:49 : flac: FLAC__STREAM_DECODER_ERROR_STATUS_LOST_SYNC
Nov 15 08:49 : flac: FLAC__STREAM_DECODER_ERROR_STATUS_BAD_HEADER
Nov 15 08:49 : flac: FLAC__STREAM_DECODER_ERROR_STATUS_LOST_SYNC
Nov 15 08:49 : flac: FLAC__STREAM_DECODER_ERROR_STATUS_BAD_HEADER
Nov 15 08:49 : flac: FLAC__STREAM_DECODER_ERROR_STATUS_LOST_SYNC
Nov 15 08:49 : flac: FLAC__STREAM_DECODER_ERROR_STATUS_BAD_HEADER
Nov 15 08:49 : flac: FLAC__STREAM_DECODER_ERROR_STATUS_LOST_SYNC
Nov 15 08:49 : flac: FLAC__STREAM_DECODER_ERROR_STATUS_LOST_SYNC
Nov 15 08:49 : player: played "Uru/Uru - Anatagairukotode (self cover version).flac"
Nov 15 08:54 : player: played "Uru/Uru - Break.flac"
Nov 15 08:58 : player: played "Uru/Uru - Furiko.flac"
Nov 15 10:36 : player: played "Uru/Love Song/Uru - Love Song.mp3"
Nov 15 10:51 : player: played "Uru/Kokoroe Kamihitoe/04. Furiko - From THE FIRST TAKE.flac"
Nov 15 10:51 : alsa_output: Decoder is too slow; playing silence to avoid xrun
Nov 15 10:56 : player: played "Uru/Uru - あなたがいることで (TBS系日曜劇場「テセウスの船」主題歌).flac"
Nov 15 11:00 : flac: FLAC__STREAM_DECODER_ERROR_STATUS_LOST_SYNC
Nov 15 11:01 : player: played "Uru/Uru - Hoshino Nakano Kimi.flac"
Nov 15 11:06 : player: played "Uru/Uru - The Last Rain.flac"
Nov 15 12:54 : alsa_output: Decoder is too slow; playing silence to avoid xrun
Nov 15 12:55 : alsa_output: Decoder is too slow; playing silence to avoid xrun
Nov 15 13:01 : player: played "Uru/Koi.flac"
Nov 15 13:05 : player: played "Uru/Land Mark.flac"
Nov 15 13:10 : player: played "Uru/Love Song.flac"
Nov 15 13:14 : player: played "Uru/Positive Nyubu.flac"
Nov 15 13:19 : player: played "Uru/Break.flac"
Nov 15 13:24 : player: played "Uru/Mukishitsu.flac"
Nov 15 13:28 : player: played "Uru/Datsu Karitekita Neko Syoukougun.flac"
Nov 15 13:32 : alsa_output: Decoder is too slow; playing silence to avoid xrun
Nov 15 13:32 : alsa_output: Decoder is too slow; playing silence to avoid xrun
Nov 15 17:05 : alsa_output: Decoder is too slow; playing silence to avoid xrun
Nov 15 17:08 : alsa_output: Decoder is too slow; playing silence to avoid xrun
Nov 15 17:10 : player: played "Uru/Koi.flac"
Nov 15 17:14 : player: played "Uru/Land Mark.flac"
Nov 15 17:19 : player: played "Uru/Love Song.flac"
Nov 15 17:23 : player: played "Uru/Positive Nyubu.flac"
Nov 15 17:28 : player: played "Uru/Break.flac"
Nov 15 17:33 : player: played "Uru/Mukishitsu.flac"
Nov 15 18:18 : alsa_output: Decoder is too slow; playing silence to avoid xrun
Nov 15 18:23 : player: played "Uru/Soreo Aito Yobunara.flac"
Nov 15 18:28 : player: played "Uru/Serenade.flac"
Nov 15 18:32 : player: played "Uru/Nandemo Naiyo.flac"
Nov 15 18:37 : player: played "Uru/Love Song Self-cover version.flac"
Nov 15 18:41 : player: played "Uru/Sobaniiruyo.flac"
Nov 16 03:11 : alsa_output: Decoder is too slow; playing silence to avoid xrun
Nov 16 03:15 : player: played "Uru/Love Song.flac"
Nov 16 03:20 : player: played "Uru/Positive Nyubu.flac"
Nov 16 03:25 : player: played "Uru/Break.flac"
Nov 16 03:30 : player: played "Uru/Mukishitsu.flac"
Nov 16 03:32 : alsa_output: Decoder is too slow; playing silence to avoid xrun
Nov 16 03:36 : player: played "Uru/Datsu Karitekita Neko Syoukougun.flac"
Nov 17 09:31 : player: played "Uru/Hakusekirei.flac"
Nov 17 12:48 : player: played "Uru/Kokoroe Kamihitoe/01. Kokoroe.flac"
Nov 17 12:52 : player: played "Uru/Kokoroe Kamihitoe/02. Kamihitoe.flac"
Nov 17 12:57 : player: played "Uru/Kokoroe Kamihitoe/03. Soreo Aito Yobunara - From THE FIRST TAKE.flac"
Nov 17 13:01 : player: played "Uru/Kokoroe Kamihitoe/04. Furiko - From THE FIRST TAKE.flac"
Nov 18 03:59 : player: played "Uru/Uru - Dry Flower.flac"
Nov 18 04:18 : player: played "Uru/Uru - Break (Self-cover version).flac"
Nov 18 17:36 : player: played "Uru/Kokoroe Kamihitoe/03. Soreo Aito Yobunara - From THE FIRST TAKE.flac"
Nov 19 02:25 : player: played "Uru/Kokoroe Kamihitoe/03. Soreo Aito Yobunara - From THE FIRST TAKE.flac"
Nov 19 03:21 : player: played "Uru/Kokoroe Kamihitoe/03. Soreo Aito Yobunara - From THE FIRST TAKE.flac"
Nov 19 06:13 : player: played "Uru/Uru - Negai.flac"
Nov 19 06:46 : player: played "Uru/Uru - Anataga Iru Kotode.flac"
Nov 19 07:01 : flac: FLAC__STREAM_DECODER_ERROR_STATUS_LOST_SYNC
Nov 19 07:01 : flac: FLAC__STREAM_DECODER_ERROR_STATUS_BAD_HEADER
Nov 19 07:01 : flac: FLAC__STREAM_DECODER_ERROR_STATUS_LOST_SYNC
Nov 19 07:01 : flac: FLAC__STREAM_DECODER_ERROR_STATUS_BAD_HEADER
Nov 19 07:01 : flac: FLAC__STREAM_DECODER_ERROR_STATUS_LOST_SYNC
Nov 19 07:01 : flac: FLAC__STREAM_DECODER_ERROR_STATUS_BAD_HEADER
Nov 19 07:01 : flac: FLAC__STREAM_DECODER_ERROR_STATUS_LOST_SYNC
Nov 19 07:01 : flac: FLAC__STREAM_DECODER_ERROR_STATUS_BAD_HEADER
Nov 19 07:01 : flac: FLAC__STREAM_DECODER_ERROR_STATUS_LOST_SYNC
Nov 19 07:01 : flac: FLAC__STREAM_DECODER_ERROR_STATUS_BAD_HEADER
Nov 19 07:01 : flac: FLAC__STREAM_DECODER_ERROR_STATUS_LOST_SYNC
Nov 19 07:01 : flac: FLAC__STREAM_DECODER_ERROR_STATUS_BAD_HEADER
Nov 19 07:01 : flac: FLAC__STREAM_DECODER_ERROR_STATUS_LOST_SYNC
Nov 19 07:01 : flac: FLAC__STREAM_DECODER_ERROR_STATUS_BAD_HEADER
Nov 19 07:01 : flac: FLAC__STREAM_DECODER_ERROR_STATUS_LOST_SYNC
Nov 19 07:01 : flac: FLAC__STREAM_DECODER_ERROR_STATUS_BAD_HEADER
Nov 19 07:01 : flac: FLAC__STREAM_DECODER_ERROR_STATUS_LOST_SYNC
Nov 19 07:01 : flac: FLAC__STREAM_DECODER_ERROR_STATUS_LOST_SYNC
Nov 19 07:01 : flac: FLAC__STREAM_DECODER_ERROR_STATUS_BAD_HEADER
Nov 19 07:01 : flac: FLAC__STREAM_DECODER_ERROR_STATUS_LOST_SYNC
Nov 19 07:01 : flac: FLAC__STREAM_DECODER_ERROR_STATUS_BAD_HEADER
Nov 19 07:01 : flac: FLAC__STREAM_DECODER_ERROR_STATUS_LOST_SYNC
Nov 19 07:01 : flac: FLAC__STREAM_DECODER_ERROR_STATUS_BAD_HEADER
Nov 19 07:01 : flac: FLAC__STREAM_DECODER_ERROR_STATUS_LOST_SYNC
Nov 19 07:01 : flac: FLAC__STREAM_DECODER_ERROR_STATUS_BAD_HEADER
Nov 19 07:01 : flac: FLAC__STREAM_DECODER_ERROR_STATUS_LOST_SYNC
Nov 19 07:02 : player: played "Uru/Uru - Anataga Iru Kotode.flac"
Nov 19 07:06 : player: played "Uru/Uru - IMA AINI IKU.flac"
Nov 19 07:11 : flac: FLAC__STREAM_DECODER_ERROR_STATUS_LOST_SYNC
Nov 19 07:11 : flac: FLAC__STREAM_DECODER_ERROR_STATUS_BAD_HEADER
Nov 19 07:11 : flac: FLAC__STREAM_DECODER_ERROR_STATUS_LOST_SYNC
Nov 19 07:11 : flac: FLAC__STREAM_DECODER_ERROR_STATUS_BAD_HEADER
Nov 19 07:11 : flac: FLAC__STREAM_DECODER_ERROR_STATUS_LOST_SYNC
Nov 19 07:11 : flac: FLAC__STREAM_DECODER_ERROR_STATUS_BAD_HEADER
Nov 19 07:11 : flac: FLAC__STREAM_DECODER_ERROR_STATUS_LOST_SYNC
Nov 19 07:11 : flac: FLAC__STREAM_DECODER_ERROR_STATUS_BAD_HEADER
Nov 19 07:11 : flac: FLAC__STREAM_DECODER_ERROR_STATUS_LOST_SYNC
Nov 19 07:11 : flac: FLAC__STREAM_DECODER_ERROR_STATUS_BAD_HEADER
Nov 19 07:11 : flac: FLAC__STREAM_DECODER_ERROR_STATUS_LOST_SYNC
Nov 19 07:11 : flac: FLAC__STREAM_DECODER_ERROR_STATUS_BAD_HEADER
Nov 19 07:11 : flac: FLAC__STREAM_DECODER_ERROR_STATUS_LOST_SYNC
Nov 19 07:11 : flac: FLAC__STREAM_DECODER_ERROR_STATUS_BAD_HEADER
Nov 19 07:11 : flac: FLAC__STREAM_DECODER_ERROR_STATUS_LOST_SYNC
Nov 19 07:11 : flac: FLAC__STREAM_DECODER_ERROR_STATUS_LOST_SYNC
Nov 19 07:11 : player: played "Uru/Uru - Anatagairukotode (self cover version).flac"
Nov 19 07:16 : player: played "Uru/Uru - Break.flac"
Nov 19 07:20 : player: played "Uru/Uru - Furiko.flac"
Nov 19 07:25 : player: played "Uru/Love Song/Uru - Love Song.mp3"
Nov 19 07:30 : player: played "Uru/Love Song/Uru - First Love (Self-cover version).mp3"
Nov 19 07:35 : player: played "Uru/Uru - First Love.flac"
Nov 19 07:40 : player: played "Uru/Uru - Mukishitsu.flac"
Nov 19 07:45 : player: played "Uru/Uru - Dry Flower.flac"
Nov 19 07:50 : player: played "Uru/Uru - Break (Self-cover version).flac"
Nov 19 07:51 : flac: FLAC__STREAM_DECODER_ERROR_STATUS_FRAME_CRC_MISMATCH
Nov 19 07:51 : flac: FLAC__STREAM_DECODER_ERROR_STATUS_LOST_SYNC
Nov 19 07:51 : flac: FLAC__STREAM_DECODER_ERROR_STATUS_BAD_HEADER
Nov 19 07:51 : flac: FLAC__STREAM_DECODER_ERROR_STATUS_LOST_SYNC
Nov 19 07:51 : flac: FLAC__STREAM_DECODER_ERROR_STATUS_BAD_HEADER
Nov 19 07:51 : flac: FLAC__STREAM_DECODER_ERROR_STATUS_LOST_SYNC
Nov 19 07:54 : player: played "Uru/01. 再会 (produced by Ayase).flac"
Nov 19 07:59 : player: played "Uru/Soreo Aito Yobunara.flac"
